2025-05-02 23:14:47,032 - DEBUG - Setting up Chrome browser...
2025-05-02 23:14:47,078 - DEBUG - Started executable: `chromedriver-win64\chromedriver.exe` in a child process with pid: 8644
2025-05-02 23:14:47,604 - DEBUG - POST http://localhost:60021/session {"capabilities": {"firstMatch": [{}], "alwaysMatch": {"browserName": "chrome", "pageLoadStrategy": "normal", "goog:chromeOptions": {"extensions": [], "args": ["--no-sandbox", "--disable-dev-shm-usage", "--disable-gpu", "--disable-extensions", "--window-size=800,600", "--mute-audio"]}}}}
2025-05-02 23:14:47,606 - DEBUG - Starting new HTTP connection (1): localhost:60021
2025-05-02 23:14:48,587 - DEBUG - http://localhost:60021 "POST /session HTTP/1.1" 200 0
2025-05-02 23:14:48,587 - DEBUG - Remote response: status=200 | data={"value":{"capabilities":{"acceptInsecureCerts":false,"browserName":"chrome","browserVersion":"136.0.7103.49","chrome":{"chromedriverVersion":"136.0.7103.49 (031848bc6ad02b97854f3d6154d3aefd0434756a-refs/branch-heads/7103@{#1423})","userDataDir":"C:\\Users\\naksh\\AppData\\Local\\Temp\\scoped_dir8644_1458249262"},"fedcm:accounts":true,"goog:chromeOptions":{"debuggerAddress":"localhost:60024"},"networkConnectionEnabled":false,"pageLoadStrategy":"normal","platformName":"windows","proxy":{},"setWindowRect":true,"strictFileInteractability":false,"timeouts":{"implicit":0,"pageLoad":300000,"script":30000},"unhandledPromptBehavior":"dismiss and notify","webauthn:extension:credBlob":true,"webauthn:extension:largeBlob":true,"webauthn:extension:minPinLength":true,"webauthn:extension:prf":true,"webauthn:virtualAuthenticators":true},"sessionId":"365746f4dd6113e725e270ccf639a92c"}} | headers=HTTPHeaderDict({'Content-Length': '881', 'Content-Type': 'application/json; charset=utf-8', 'cache-control': 'no-cache'})
2025-05-02 23:14:48,589 - DEBUG - Finished Request
2025-05-02 23:14:48,590 - DEBUG - POST http://localhost:60021/session/365746f4dd6113e725e270ccf639a92c/url {"url": "https://chromedino.com/"}
2025-05-02 23:14:59,321 - DEBUG - http://localhost:60021 "POST /session/365746f4dd6113e725e270ccf639a92c/url HTTP/1.1" 200 0
2025-05-02 23:14:59,322 - DEBUG - Remote response: status=200 | data={"value":null} | headers=HTTPHeaderDict({'Content-Length': '14', 'Content-Type': 'application/json; charset=utf-8', 'cache-control': 'no-cache'})
2025-05-02 23:14:59,323 - DEBUG - Finished Request
2025-05-02 23:15:01,335 - DEBUG - Chrome browser initialized successfully
2025-05-02 23:15:01,336 - INFO - Resetting environment
2025-05-02 23:15:01,336 - DEBUG - POST http://localhost:60021/session/365746f4dd6113e725e270ccf639a92c/url {"url": "https://chromedino.com/"}
2025-05-02 23:15:04,602 - DEBUG - http://localhost:60021 "POST /session/365746f4dd6113e725e270ccf639a92c/url HTTP/1.1" 200 0
2025-05-02 23:15:04,604 - DEBUG - Remote response: status=200 | data={"value":null} | headers=HTTPHeaderDict({'Content-Length': '14', 'Content-Type': 'application/json; charset=utf-8', 'cache-control': 'no-cache'})
2025-05-02 23:15:04,605 - DEBUG - Finished Request
2025-05-02 23:15:06,621 - DEBUG - POST http://localhost:60021/session/365746f4dd6113e725e270ccf639a92c/element {"using": "tag name", "value": "body"}
2025-05-02 23:15:06,642 - DEBUG - http://localhost:60021 "POST /session/365746f4dd6113e725e270ccf639a92c/element HTTP/1.1" 200 0
2025-05-02 23:15:06,643 - DEBUG - Remote response: status=200 | data={"value":{"element-6066-11e4-a52e-4f735466cecf":"f.80E05ECBFBAD6909426F5CC9135DF93C.d.4EDA90FB04053E76087D416F26CD8D14.e.72"}} | headers=HTTPHeaderDict({'Content-Length': '126', 'Content-Type': 'application/json; charset=utf-8', 'cache-control': 'no-cache'})
2025-05-02 23:15:06,643 - DEBUG - Finished Request
2025-05-02 23:15:06,643 - DEBUG - POST http://localhost:60021/session/365746f4dd6113e725e270ccf639a92c/element/f.80E05ECBFBAD6909426F5CC9135DF93C.d.4EDA90FB04053E76087D416F26CD8D14.e.72/click {}
2025-05-02 23:15:06,716 - DEBUG - http://localhost:60021 "POST /session/365746f4dd6113e725e270ccf639a92c/element/f.80E05ECBFBAD6909426F5CC9135DF93C.d.4EDA90FB04053E76087D416F26CD8D14.e.72/click HTTP/1.1" 200 0
2025-05-02 23:15:06,717 - DEBUG - Remote response: status=200 | data={"value":null} | headers=HTTPHeaderDict({'Content-Length': '14', 'Content-Type': 'application/json; charset=utf-8', 'cache-control': 'no-cache'})
2025-05-02 23:15:06,717 - DEBUG - Finished Request
2025-05-02 23:15:07,231 - DEBUG - POST http://localhost:60021/session/365746f4dd6113e725e270ccf639a92c/element/f.80E05ECBFBAD6909426F5CC9135DF93C.d.4EDA90FB04053E76087D416F26CD8D14.e.72/value {"text": "\ue00d", "value": ["\ue00d"]}
2025-05-02 23:15:07,474 - DEBUG - http://localhost:60021 "POST /session/365746f4dd6113e725e270ccf639a92c/element/f.80E05ECBFBAD6909426F5CC9135DF93C.d.4EDA90FB04053E76087D416F26CD8D14.e.72/value HTTP/1.1" 200 0
2025-05-02 23:15:07,474 - DEBUG - Remote response: status=200 | data={"value":null} | headers=HTTPHeaderDict({'Content-Length': '14', 'Content-Type': 'application/json; charset=utf-8', 'cache-control': 'no-cache'})
2025-05-02 23:15:07,475 - DEBUG - Finished Request
2025-05-02 23:15:07,685 - DEBUG - POST http://localhost:60021/session/365746f4dd6113e725e270ccf639a92c/element {"using": "css selector", "value": "[id=\"game-canvas\"]"}
2025-05-02 23:15:07,701 - DEBUG - http://localhost:60021 "POST /session/365746f4dd6113e725e270ccf639a92c/element HTTP/1.1" 404 0
2025-05-02 23:15:07,702 - DEBUG - Remote response: status=404 | data={"value":{"error":"no such element","message":"no such element: Unable to locate element: {\"method\":\"css selector\",\"selector\":\"[id=\"game-canvas\"]\"}\n  (Session info: chrome=136.0.7103.49)","stacktrace":"\tGetHandleVerifier [0x00007FF795BEA145+76773]\n\tGetHandleVerifier [0x00007FF795BEA1A0+76864]\n\t(No symbol) [0x00007FF7959A8F7A]\n\t(No symbol) [0x00007FF7959FF496]\n\t(No symbol) [0x00007FF7959FF74C]\n\t(No symbol) [0x00007FF795A52287]\n\t(No symbol) [0x00007FF795A2739F]\n\t(No symbol) [0x00007FF795A4F0CF]\n\t(No symbol) [0x00007FF795A27133]\n\t(No symbol) [0x00007FF7959F04D1]\n\t(No symbol) [0x00007FF7959F1263]\n\tGetHandleVerifier [0x00007FF795EAA8ED+2962317]\n\tGetHandleVerifier [0x00007FF795EA4EC2+2939234]\n\tGetHandleVerifier [0x00007FF795EC2FF3+3062419]\n\tGetHandleVerifier [0x00007FF795C04B9A+185914]\n\tGetHandleVerifier [0x00007FF795C0C78F+217647]\n\tGetHandleVerifier [0x00007FF795BF2A44+111844]\n\tGetHandleVerifier [0x00007FF795BF2BF2+112274]\n\tGetHandleVerifier [0x00007FF795BD8A79+5401]\n\tBaseThreadInitThunk [0x00007FFB953C259D+29]\n\tRtlUserThreadStart [0x00007FFB970EAF38+40]\n"}} | headers=HTTPHeaderDict({'Content-Length': '1122', 'Content-Type': 'application/json; charset=utf-8', 'cache-control': 'no-cache'})
2025-05-02 23:15:07,704 - DEBUG - Finished Request
2025-05-02 23:15:07,705 - ERROR - Failed to detect game area: Message: no such element: Unable to locate element: {"method":"css selector","selector":"[id="game-canvas"]"}
  (Session info: chrome=136.0.7103.49); For documentation on this error, please visit: https://www.selenium.dev/documentation/webdriver/troubleshooting/errors#no-such-element-exception
Stacktrace:
	GetHandleVerifier [0x00007FF795BEA145+76773]
	GetHandleVerifier [0x00007FF795BEA1A0+76864]
	(No symbol) [0x00007FF7959A8F7A]
	(No symbol) [0x00007FF7959FF496]
	(No symbol) [0x00007FF7959FF74C]
	(No symbol) [0x00007FF795A52287]
	(No symbol) [0x00007FF795A2739F]
	(No symbol) [0x00007FF795A4F0CF]
	(No symbol) [0x00007FF795A27133]
	(No symbol) [0x00007FF7959F04D1]
	(No symbol) [0x00007FF7959F1263]
	GetHandleVerifier [0x00007FF795EAA8ED+2962317]
	GetHandleVerifier [0x00007FF795EA4EC2+2939234]
	GetHandleVerifier [0x00007FF795EC2FF3+3062419]
	GetHandleVerifier [0x00007FF795C04B9A+185914]
	GetHandleVerifier [0x00007FF795C0C78F+217647]
	GetHandleVerifier [0x00007FF795BF2A44+111844]
	GetHandleVerifier [0x00007FF795BF2BF2+112274]
	GetHandleVerifier [0x00007FF795BD8A79+5401]
	BaseThreadInitThunk [0x00007FFB953C259D+29]
	RtlUserThreadStart [0x00007FFB970EAF38+40]

2025-05-02 23:15:07,709 - ERROR - Attempt 1: Error during reset: Failed to detect game area
2025-05-02 23:15:09,711 - DEBUG - POST http://localhost:60021/session/365746f4dd6113e725e270ccf639a92c/url {"url": "https://chromedino.com/"}
2025-05-02 23:15:13,423 - DEBUG - http://localhost:60021 "POST /session/365746f4dd6113e725e270ccf639a92c/url HTTP/1.1" 200 0
2025-05-02 23:15:13,425 - DEBUG - Remote response: status=200 | data={"value":null} | headers=HTTPHeaderDict({'Content-Length': '14', 'Content-Type': 'application/json; charset=utf-8', 'cache-control': 'no-cache'})
2025-05-02 23:15:13,426 - DEBUG - Finished Request
2025-05-02 23:15:15,433 - DEBUG - POST http://localhost:60021/session/365746f4dd6113e725e270ccf639a92c/element {"using": "tag name", "value": "body"}
2025-05-02 23:15:15,451 - DEBUG - http://localhost:60021 "POST /session/365746f4dd6113e725e270ccf639a92c/element HTTP/1.1" 200 0
2025-05-02 23:15:15,452 - DEBUG - Remote response: status=200 | data={"value":{"element-6066-11e4-a52e-4f735466cecf":"f.80E05ECBFBAD6909426F5CC9135DF93C.d.4E88DE6B84AE1F2B918F73B1E8985C5C.e.75"}} | headers=HTTPHeaderDict({'Content-Length': '126', 'Content-Type': 'application/json; charset=utf-8', 'cache-control': 'no-cache'})
2025-05-02 23:15:15,453 - DEBUG - Finished Request
2025-05-02 23:15:15,453 - DEBUG - POST http://localhost:60021/session/365746f4dd6113e725e270ccf639a92c/element/f.80E05ECBFBAD6909426F5CC9135DF93C.d.4E88DE6B84AE1F2B918F73B1E8985C5C.e.75/click {}
2025-05-02 23:15:15,523 - DEBUG - http://localhost:60021 "POST /session/365746f4dd6113e725e270ccf639a92c/element/f.80E05ECBFBAD6909426F5CC9135DF93C.d.4E88DE6B84AE1F2B918F73B1E8985C5C.e.75/click HTTP/1.1" 200 0
2025-05-02 23:15:15,523 - DEBUG - Remote response: status=200 | data={"value":null} | headers=HTTPHeaderDict({'Content-Length': '14', 'Content-Type': 'application/json; charset=utf-8', 'cache-control': 'no-cache'})
2025-05-02 23:15:15,524 - DEBUG - Finished Request
2025-05-02 23:15:16,039 - DEBUG - POST http://localhost:60021/session/365746f4dd6113e725e270ccf639a92c/element/f.80E05ECBFBAD6909426F5CC9135DF93C.d.4E88DE6B84AE1F2B918F73B1E8985C5C.e.75/value {"text": "\ue00d", "value": ["\ue00d"]}
2025-05-02 23:15:16,093 - DEBUG - http://localhost:60021 "POST /session/365746f4dd6113e725e270ccf639a92c/element/f.80E05ECBFBAD6909426F5CC9135DF93C.d.4E88DE6B84AE1F2B918F73B1E8985C5C.e.75/value HTTP/1.1" 200 0
2025-05-02 23:15:16,093 - DEBUG - Remote response: status=200 | data={"value":null} | headers=HTTPHeaderDict({'Content-Length': '14', 'Content-Type': 'application/json; charset=utf-8', 'cache-control': 'no-cache'})
2025-05-02 23:15:16,094 - DEBUG - Finished Request
2025-05-02 23:15:16,296 - DEBUG - POST http://localhost:60021/session/365746f4dd6113e725e270ccf639a92c/element {"using": "css selector", "value": "[id=\"game-canvas\"]"}
2025-05-02 23:15:16,312 - DEBUG - http://localhost:60021 "POST /session/365746f4dd6113e725e270ccf639a92c/element HTTP/1.1" 404 0
2025-05-02 23:15:16,313 - DEBUG - Remote response: status=404 | data={"value":{"error":"no such element","message":"no such element: Unable to locate element: {\"method\":\"css selector\",\"selector\":\"[id=\"game-canvas\"]\"}\n  (Session info: chrome=136.0.7103.49)","stacktrace":"\tGetHandleVerifier [0x00007FF795BEA145+76773]\n\tGetHandleVerifier [0x00007FF795BEA1A0+76864]\n\t(No symbol) [0x00007FF7959A8F7A]\n\t(No symbol) [0x00007FF7959FF496]\n\t(No symbol) [0x00007FF7959FF74C]\n\t(No symbol) [0x00007FF795A52287]\n\t(No symbol) [0x00007FF795A2739F]\n\t(No symbol) [0x00007FF795A4F0CF]\n\t(No symbol) [0x00007FF795A27133]\n\t(No symbol) [0x00007FF7959F04D1]\n\t(No symbol) [0x00007FF7959F1263]\n\tGetHandleVerifier [0x00007FF795EAA8ED+2962317]\n\tGetHandleVerifier [0x00007FF795EA4EC2+2939234]\n\tGetHandleVerifier [0x00007FF795EC2FF3+3062419]\n\tGetHandleVerifier [0x00007FF795C04B9A+185914]\n\tGetHandleVerifier [0x00007FF795C0C78F+217647]\n\tGetHandleVerifier [0x00007FF795BF2A44+111844]\n\tGetHandleVerifier [0x00007FF795BF2BF2+112274]\n\tGetHandleVerifier [0x00007FF795BD8A79+5401]\n\tBaseThreadInitThunk [0x00007FFB953C259D+29]\n\tRtlUserThreadStart [0x00007FFB970EAF38+40]\n"}} | headers=HTTPHeaderDict({'Content-Length': '1122', 'Content-Type': 'application/json; charset=utf-8', 'cache-control': 'no-cache'})
2025-05-02 23:15:16,316 - DEBUG - Finished Request
2025-05-02 23:15:16,316 - ERROR - Failed to detect game area: Message: no such element: Unable to locate element: {"method":"css selector","selector":"[id="game-canvas"]"}
  (Session info: chrome=136.0.7103.49); For documentation on this error, please visit: https://www.selenium.dev/documentation/webdriver/troubleshooting/errors#no-such-element-exception
Stacktrace:
	GetHandleVerifier [0x00007FF795BEA145+76773]
	GetHandleVerifier [0x00007FF795BEA1A0+76864]
	(No symbol) [0x00007FF7959A8F7A]
	(No symbol) [0x00007FF7959FF496]
	(No symbol) [0x00007FF7959FF74C]
	(No symbol) [0x00007FF795A52287]
	(No symbol) [0x00007FF795A2739F]
	(No symbol) [0x00007FF795A4F0CF]
	(No symbol) [0x00007FF795A27133]
	(No symbol) [0x00007FF7959F04D1]
	(No symbol) [0x00007FF7959F1263]
	GetHandleVerifier [0x00007FF795EAA8ED+2962317]
	GetHandleVerifier [0x00007FF795EA4EC2+2939234]
	GetHandleVerifier [0x00007FF795EC2FF3+3062419]
	GetHandleVerifier [0x00007FF795C04B9A+185914]
	GetHandleVerifier [0x00007FF795C0C78F+217647]
	GetHandleVerifier [0x00007FF795BF2A44+111844]
	GetHandleVerifier [0x00007FF795BF2BF2+112274]
	GetHandleVerifier [0x00007FF795BD8A79+5401]
	BaseThreadInitThunk [0x00007FFB953C259D+29]
	RtlUserThreadStart [0x00007FFB970EAF38+40]

2025-05-02 23:15:16,320 - ERROR - Attempt 2: Error during reset: Failed to detect game area
2025-05-02 23:15:18,323 - DEBUG - POST http://localhost:60021/session/365746f4dd6113e725e270ccf639a92c/url {"url": "https://chromedino.com/"}
2025-05-02 23:15:24,307 - DEBUG - http://localhost:60021 "POST /session/365746f4dd6113e725e270ccf639a92c/url HTTP/1.1" 200 0
2025-05-02 23:15:24,308 - DEBUG - Remote response: status=200 | data={"value":null} | headers=HTTPHeaderDict({'Content-Length': '14', 'Content-Type': 'application/json; charset=utf-8', 'cache-control': 'no-cache'})
2025-05-02 23:15:24,309 - DEBUG - Finished Request
2025-05-02 23:15:26,316 - DEBUG - POST http://localhost:60021/session/365746f4dd6113e725e270ccf639a92c/element {"using": "tag name", "value": "body"}
2025-05-02 23:15:26,336 - DEBUG - http://localhost:60021 "POST /session/365746f4dd6113e725e270ccf639a92c/element HTTP/1.1" 200 0
2025-05-02 23:15:26,337 - DEBUG - Remote response: status=200 | data={"value":{"element-6066-11e4-a52e-4f735466cecf":"f.80E05ECBFBAD6909426F5CC9135DF93C.d.96902A660C3EA2DAD116B67968B0D952.e.96"}} | headers=HTTPHeaderDict({'Content-Length': '126', 'Content-Type': 'application/json; charset=utf-8', 'cache-control': 'no-cache'})
2025-05-02 23:15:26,338 - DEBUG - Finished Request
2025-05-02 23:15:26,339 - DEBUG - POST http://localhost:60021/session/365746f4dd6113e725e270ccf639a92c/element/f.80E05ECBFBAD6909426F5CC9135DF93C.d.96902A660C3EA2DAD116B67968B0D952.e.96/click {}
2025-05-02 23:15:26,424 - DEBUG - http://localhost:60021 "POST /session/365746f4dd6113e725e270ccf639a92c/element/f.80E05ECBFBAD6909426F5CC9135DF93C.d.96902A660C3EA2DAD116B67968B0D952.e.96/click HTTP/1.1" 200 0
2025-05-02 23:15:26,425 - DEBUG - Remote response: status=200 | data={"value":null} | headers=HTTPHeaderDict({'Content-Length': '14', 'Content-Type': 'application/json; charset=utf-8', 'cache-control': 'no-cache'})
2025-05-02 23:15:26,427 - DEBUG - Finished Request
2025-05-02 23:15:26,933 - DEBUG - POST http://localhost:60021/session/365746f4dd6113e725e270ccf639a92c/element/f.80E05ECBFBAD6909426F5CC9135DF93C.d.96902A660C3EA2DAD116B67968B0D952.e.96/value {"text": "\ue00d", "value": ["\ue00d"]}
2025-05-02 23:15:27,007 - DEBUG - http://localhost:60021 "POST /session/365746f4dd6113e725e270ccf639a92c/element/f.80E05ECBFBAD6909426F5CC9135DF93C.d.96902A660C3EA2DAD116B67968B0D952.e.96/value HTTP/1.1" 200 0
2025-05-02 23:15:27,008 - DEBUG - Remote response: status=200 | data={"value":null} | headers=HTTPHeaderDict({'Content-Length': '14', 'Content-Type': 'application/json; charset=utf-8', 'cache-control': 'no-cache'})
2025-05-02 23:15:27,009 - DEBUG - Finished Request
2025-05-02 23:15:27,210 - DEBUG - POST http://localhost:60021/session/365746f4dd6113e725e270ccf639a92c/element {"using": "css selector", "value": "[id=\"game-canvas\"]"}
2025-05-02 23:15:27,227 - DEBUG - http://localhost:60021 "POST /session/365746f4dd6113e725e270ccf639a92c/element HTTP/1.1" 404 0
2025-05-02 23:15:27,228 - DEBUG - Remote response: status=404 | data={"value":{"error":"no such element","message":"no such element: Unable to locate element: {\"method\":\"css selector\",\"selector\":\"[id=\"game-canvas\"]\"}\n  (Session info: chrome=136.0.7103.49)","stacktrace":"\tGetHandleVerifier [0x00007FF795BEA145+76773]\n\tGetHandleVerifier [0x00007FF795BEA1A0+76864]\n\t(No symbol) [0x00007FF7959A8F7A]\n\t(No symbol) [0x00007FF7959FF496]\n\t(No symbol) [0x00007FF7959FF74C]\n\t(No symbol) [0x00007FF795A52287]\n\t(No symbol) [0x00007FF795A2739F]\n\t(No symbol) [0x00007FF795A4F0CF]\n\t(No symbol) [0x00007FF795A27133]\n\t(No symbol) [0x00007FF7959F04D1]\n\t(No symbol) [0x00007FF7959F1263]\n\tGetHandleVerifier [0x00007FF795EAA8ED+2962317]\n\tGetHandleVerifier [0x00007FF795EA4EC2+2939234]\n\tGetHandleVerifier [0x00007FF795EC2FF3+3062419]\n\tGetHandleVerifier [0x00007FF795C04B9A+185914]\n\tGetHandleVerifier [0x00007FF795C0C78F+217647]\n\tGetHandleVerifier [0x00007FF795BF2A44+111844]\n\tGetHandleVerifier [0x00007FF795BF2BF2+112274]\n\tGetHandleVerifier [0x00007FF795BD8A79+5401]\n\tBaseThreadInitThunk [0x00007FFB953C259D+29]\n\tRtlUserThreadStart [0x00007FFB970EAF38+40]\n"}} | headers=HTTPHeaderDict({'Content-Length': '1122', 'Content-Type': 'application/json; charset=utf-8', 'cache-control': 'no-cache'})
2025-05-02 23:15:27,230 - DEBUG - Finished Request
2025-05-02 23:15:27,232 - ERROR - Failed to detect game area: Message: no such element: Unable to locate element: {"method":"css selector","selector":"[id="game-canvas"]"}
  (Session info: chrome=136.0.7103.49); For documentation on this error, please visit: https://www.selenium.dev/documentation/webdriver/troubleshooting/errors#no-such-element-exception
Stacktrace:
	GetHandleVerifier [0x00007FF795BEA145+76773]
	GetHandleVerifier [0x00007FF795BEA1A0+76864]
	(No symbol) [0x00007FF7959A8F7A]
	(No symbol) [0x00007FF7959FF496]
	(No symbol) [0x00007FF7959FF74C]
	(No symbol) [0x00007FF795A52287]
	(No symbol) [0x00007FF795A2739F]
	(No symbol) [0x00007FF795A4F0CF]
	(No symbol) [0x00007FF795A27133]
	(No symbol) [0x00007FF7959F04D1]
	(No symbol) [0x00007FF7959F1263]
	GetHandleVerifier [0x00007FF795EAA8ED+2962317]
	GetHandleVerifier [0x00007FF795EA4EC2+2939234]
	GetHandleVerifier [0x00007FF795EC2FF3+3062419]
	GetHandleVerifier [0x00007FF795C04B9A+185914]
	GetHandleVerifier [0x00007FF795C0C78F+217647]
	GetHandleVerifier [0x00007FF795BF2A44+111844]
	GetHandleVerifier [0x00007FF795BF2BF2+112274]
	GetHandleVerifier [0x00007FF795BD8A79+5401]
	BaseThreadInitThunk [0x00007FFB953C259D+29]
	RtlUserThreadStart [0x00007FFB970EAF38+40]

2025-05-02 23:15:27,236 - ERROR - Attempt 3: Error during reset: Failed to detect game area
